<?xml version="1.0" encoding="UTF-8"?>
<testsuite xmlns:xsi="http://www.w3.org/2001/XMLSchema-instance" xsi:noNamespaceSchemaLocation="https://maven.apache.org/surefire/maven-surefire-plugin/xsd/surefire-test-report.xsd" name="com.main.cron.HelloworldApplicationTests" time="2.681" tests="1" errors="0" skipped="0" failures="0">
  <properties>
    <property name="sun.desktop" value="windows"/>
    <property name="awt.toolkit" value="sun.awt.windows.WToolkit"/>
    <property name="file.encoding.pkg" value="sun.io"/>
    <property name="java.specification.version" value="1.8"/>
    <property name="sun.cpu.isalist" value="amd64"/>
    <property name="sun.jnu.encoding" value="Cp1252"/>
    <property name="java.class.path" value="C:\Users\ravdhyan\Documents\workspace-sts-3.9.4.RELEASE\helloworld\target\test-classes;C:\Users\ravdhyan\Documents\workspace-sts-3.9.4.RELEASE\helloworld\target\classes;C:\Users\ravdhyan\.m2\repository\org\springframework\boot\spring-boot-starter\2.2.0.BUILD-SNAPSHOT\spring-boot-starter-2.2.0.BUILD-SNAPSHOT.jar;C:\Users\ravdhyan\.m2\repository\org\springframework\boot\spring-boot\2.2.0.BUILD-SNAPSHOT\spring-boot-2.2.0.BUILD-SNAPSHOT.jar;C:\Users\ravdhyan\.m2\repository\org\springframework\spring-context\5.1.4.RELEASE\spring-context-5.1.4.RELEASE.jar;C:\Users\ravdhyan\.m2\repository\org\springframework\spring-aop\5.1.4.RELEASE\spring-aop-5.1.4.RELEASE.jar;C:\Users\ravdhyan\.m2\repository\org\springframework\spring-beans\5.1.4.RELEASE\spring-beans-5.1.4.RELEASE.jar;C:\Users\ravdhyan\.m2\repository\org\springframework\spring-expression\5.1.4.RELEASE\spring-expression-5.1.4.RELEASE.jar;C:\Users\ravdhyan\.m2\repository\org\springframework\boot\spring-boot-autoconfigure\2.2.0.BUILD-SNAPSHOT\spring-boot-autoconfigure-2.2.0.BUILD-SNAPSHOT.jar;C:\Users\ravdhyan\.m2\repository\org\springframework\boot\spring-boot-starter-logging\2.2.0.BUILD-SNAPSHOT\spring-boot-starter-logging-2.2.0.BUILD-SNAPSHOT.jar;C:\Users\ravdhyan\.m2\repository\ch\qos\logback\logback-classic\1.2.3\logback-classic-1.2.3.jar;C:\Users\ravdhyan\.m2\repository\ch\qos\logback\logback-core\1.2.3\logback-core-1.2.3.jar;C:\Users\ravdhyan\.m2\repository\org\apache\logging\log4j\log4j-to-slf4j\2.11.1\log4j-to-slf4j-2.11.1.jar;C:\Users\ravdhyan\.m2\repository\org\apache\logging\log4j\log4j-api\2.11.1\log4j-api-2.11.1.jar;C:\Users\ravdhyan\.m2\repository\org\slf4j\jul-to-slf4j\1.7.25\jul-to-slf4j-1.7.25.jar;C:\Users\ravdhyan\.m2\repository\javax\annotation\javax.annotation-api\1.3.2\javax.annotation-api-1.3.2.jar;C:\Users\ravdhyan\.m2\repository\org\springframework\spring-core\5.1.4.RELEASE\spring-core-5.1.4.RELEASE.jar;C:\Users\ravdhyan\.m2\repository\org\springframework\spring-jcl\5.1.4.RELEASE\spring-jcl-5.1.4.RELEASE.jar;C:\Users\ravdhyan\.m2\repository\org\yaml\snakeyaml\1.23\snakeyaml-1.23.jar;C:\Users\ravdhyan\.m2\repository\org\springframework\boot\spring-boot-starter-test\2.2.0.BUILD-SNAPSHOT\spring-boot-starter-test-2.2.0.BUILD-SNAPSHOT.jar;C:\Users\ravdhyan\.m2\repository\org\springframework\boot\spring-boot-test\2.2.0.BUILD-SNAPSHOT\spring-boot-test-2.2.0.BUILD-SNAPSHOT.jar;C:\Users\ravdhyan\.m2\repository\org\springframework\boot\spring-boot-test-autoconfigure\2.2.0.BUILD-SNAPSHOT\spring-boot-test-autoconfigure-2.2.0.BUILD-SNAPSHOT.jar;C:\Users\ravdhyan\.m2\repository\com\jayway\jsonpath\json-path\2.4.0\json-path-2.4.0.jar;C:\Users\ravdhyan\.m2\repository\net\minidev\json-smart\2.3\json-smart-2.3.jar;C:\Users\ravdhyan\.m2\repository\net\minidev\accessors-smart\1.2\accessors-smart-1.2.jar;C:\Users\ravdhyan\.m2\repository\org\ow2\asm\asm\5.0.4\asm-5.0.4.jar;C:\Users\ravdhyan\.m2\repository\org\slf4j\slf4j-api\1.7.25\slf4j-api-1.7.25.jar;C:\Users\ravdhyan\.m2\repository\org\assertj\assertj-core\3.11.1\assertj-core-3.11.1.jar;C:\Users\ravdhyan\.m2\repository\org\hamcrest\hamcrest-core\1.3\hamcrest-core-1.3.jar;C:\Users\ravdhyan\.m2\repository\org\hamcrest\hamcrest-library\1.3\hamcrest-library-1.3.jar;C:\Users\ravdhyan\.m2\repository\junit\junit\4.12\junit-4.12.jar;C:\Users\ravdhyan\.m2\repository\org\mockito\mockito-core\2.23.4\mockito-core-2.23.4.jar;C:\Users\ravdhyan\.m2\repository\net\bytebuddy\byte-buddy\1.9.7\byte-buddy-1.9.7.jar;C:\Users\ravdhyan\.m2\repository\net\bytebuddy\byte-buddy-agent\1.9.7\byte-buddy-agent-1.9.7.jar;C:\Users\ravdhyan\.m2\repository\org\objenesis\objenesis\2.6\objenesis-2.6.jar;C:\Users\ravdhyan\.m2\repository\org\skyscreamer\jsonassert\1.5.0\jsonassert-1.5.0.jar;C:\Users\ravdhyan\.m2\repository\com\vaadin\external\google\android-json\0.0.20131108.vaadin1\android-json-0.0.20131108.vaadin1.jar;C:\Users\ravdhyan\.m2\repository\org\springframework\spring-test\5.1.4.RELEASE\spring-test-5.1.4.RELEASE.jar;C:\Users\ravdhyan\.m2\repository\org\xmlunit\xmlunit-core\2.6.2\xmlunit-core-2.6.2.jar;"/>
    <property name="java.vm.vendor" value="Oracle Corporation"/>
    <property name="sun.arch.data.model" value="64"/>
    <property name="user.variant" value=""/>
    <property name="java.vendor.url" value="http://java.oracle.com/"/>
    <property name="user.timezone" value="Asia/Calcutta"/>
    <property name="java.vm.specification.version" value="1.8"/>
    <property name="os.name" value="Windows 10"/>
    <property name="user.country" value="US"/>
    <property name="sun.java.launcher" value="SUN_STANDARD"/>
    <property name="sun.boot.library.path" value="C:\Program Files\Java\jdk1.8.0_181\jre\bin"/>
    <property name="sun.java.command" value="C:\Users\ravdhyan\AppData\Local\Temp\surefire281021042297258607\surefirebooter1105143204332435544.jar C:\Users\ravdhyan\AppData\Local\Temp\surefire281021042297258607 2019-02-03T20-52-45_031-jvmRun1 surefire5144867428626880150tmp surefire_04984939955297173907tmp"/>
    <property name="surefire.test.class.path" value="C:\Users\ravdhyan\Documents\workspace-sts-3.9.4.RELEASE\helloworld\target\test-classes;C:\Users\ravdhyan\Documents\workspace-sts-3.9.4.RELEASE\helloworld\target\classes;C:\Users\ravdhyan\.m2\repository\org\springframework\boot\spring-boot-starter\2.2.0.BUILD-SNAPSHOT\spring-boot-starter-2.2.0.BUILD-SNAPSHOT.jar;C:\Users\ravdhyan\.m2\repository\org\springframework\boot\spring-boot\2.2.0.BUILD-SNAPSHOT\spring-boot-2.2.0.BUILD-SNAPSHOT.jar;C:\Users\ravdhyan\.m2\repository\org\springframework\spring-context\5.1.4.RELEASE\spring-context-5.1.4.RELEASE.jar;C:\Users\ravdhyan\.m2\repository\org\springframework\spring-aop\5.1.4.RELEASE\spring-aop-5.1.4.RELEASE.jar;C:\Users\ravdhyan\.m2\repository\org\springframework\spring-beans\5.1.4.RELEASE\spring-beans-5.1.4.RELEASE.jar;C:\Users\ravdhyan\.m2\repository\org\springframework\spring-expression\5.1.4.RELEASE\spring-expression-5.1.4.RELEASE.jar;C:\Users\ravdhyan\.m2\repository\org\springframework\boot\spring-boot-autoconfigure\2.2.0.BUILD-SNAPSHOT\spring-boot-autoconfigure-2.2.0.BUILD-SNAPSHOT.jar;C:\Users\ravdhyan\.m2\repository\org\springframework\boot\spring-boot-starter-logging\2.2.0.BUILD-SNAPSHOT\spring-boot-starter-logging-2.2.0.BUILD-SNAPSHOT.jar;C:\Users\ravdhyan\.m2\repository\ch\qos\logback\logback-classic\1.2.3\logback-classic-1.2.3.jar;C:\Users\ravdhyan\.m2\repository\ch\qos\logback\logback-core\1.2.3\logback-core-1.2.3.jar;C:\Users\ravdhyan\.m2\repository\org\apache\logging\log4j\log4j-to-slf4j\2.11.1\log4j-to-slf4j-2.11.1.jar;C:\Users\ravdhyan\.m2\repository\org\apache\logging\log4j\log4j-api\2.11.1\log4j-api-2.11.1.jar;C:\Users\ravdhyan\.m2\repository\org\slf4j\jul-to-slf4j\1.7.25\jul-to-slf4j-1.7.25.jar;C:\Users\ravdhyan\.m2\repository\javax\annotation\javax.annotation-api\1.3.2\javax.annotation-api-1.3.2.jar;C:\Users\ravdhyan\.m2\repository\org\springframework\spring-core\5.1.4.RELEASE\spring-core-5.1.4.RELEASE.jar;C:\Users\ravdhyan\.m2\repository\org\springframework\spring-jcl\5.1.4.RELEASE\spring-jcl-5.1.4.RELEASE.jar;C:\Users\ravdhyan\.m2\repository\org\yaml\snakeyaml\1.23\snakeyaml-1.23.jar;C:\Users\ravdhyan\.m2\repository\org\springframework\boot\spring-boot-starter-test\2.2.0.BUILD-SNAPSHOT\spring-boot-starter-test-2.2.0.BUILD-SNAPSHOT.jar;C:\Users\ravdhyan\.m2\repository\org\springframework\boot\spring-boot-test\2.2.0.BUILD-SNAPSHOT\spring-boot-test-2.2.0.BUILD-SNAPSHOT.jar;C:\Users\ravdhyan\.m2\repository\org\springframework\boot\spring-boot-test-autoconfigure\2.2.0.BUILD-SNAPSHOT\spring-boot-test-autoconfigure-2.2.0.BUILD-SNAPSHOT.jar;C:\Users\ravdhyan\.m2\repository\com\jayway\jsonpath\json-path\2.4.0\json-path-2.4.0.jar;C:\Users\ravdhyan\.m2\repository\net\minidev\json-smart\2.3\json-smart-2.3.jar;C:\Users\ravdhyan\.m2\repository\net\minidev\accessors-smart\1.2\accessors-smart-1.2.jar;C:\Users\ravdhyan\.m2\repository\org\ow2\asm\asm\5.0.4\asm-5.0.4.jar;C:\Users\ravdhyan\.m2\repository\org\slf4j\slf4j-api\1.7.25\slf4j-api-1.7.25.jar;C:\Users\ravdhyan\.m2\repository\org\assertj\assertj-core\3.11.1\assertj-core-3.11.1.jar;C:\Users\ravdhyan\.m2\repository\org\hamcrest\hamcrest-core\1.3\hamcrest-core-1.3.jar;C:\Users\ravdhyan\.m2\repository\org\hamcrest\hamcrest-library\1.3\hamcrest-library-1.3.jar;C:\Users\ravdhyan\.m2\repository\junit\junit\4.12\junit-4.12.jar;C:\Users\ravdhyan\.m2\repository\org\mockito\mockito-core\2.23.4\mockito-core-2.23.4.jar;C:\Users\ravdhyan\.m2\repository\net\bytebuddy\byte-buddy\1.9.7\byte-buddy-1.9.7.jar;C:\Users\ravdhyan\.m2\repository\net\bytebuddy\byte-buddy-agent\1.9.7\byte-buddy-agent-1.9.7.jar;C:\Users\ravdhyan\.m2\repository\org\objenesis\objenesis\2.6\objenesis-2.6.jar;C:\Users\ravdhyan\.m2\repository\org\skyscreamer\jsonassert\1.5.0\jsonassert-1.5.0.jar;C:\Users\ravdhyan\.m2\repository\com\vaadin\external\google\android-json\0.0.20131108.vaadin1\android-json-0.0.20131108.vaadin1.jar;C:\Users\ravdhyan\.m2\repository\org\springframework\spring-test\5.1.4.RELEASE\spring-test-5.1.4.RELEASE.jar;C:\Users\ravdhyan\.m2\repository\org\xmlunit\xmlunit-core\2.6.2\xmlunit-core-2.6.2.jar;"/>
    <property name="sun.cpu.endian" value="little"/>
    <property name="user.home" value="C:\Users\ravdhyan"/>
    <property name="user.language" value="en"/>
    <property name="java.specification.vendor" value="Oracle Corporation"/>
    <property name="java.home" value="C:\Program Files\Java\jdk1.8.0_181\jre"/>
    <property name="basedir" value="C:\Users\ravdhyan\Documents\workspace-sts-3.9.4.RELEASE\helloworld"/>
    <property name="file.separator" value="\"/>
    <property name="line.separator" value="&#10;"/>
    <property name="java.vm.specification.vendor" value="Oracle Corporation"/>
    <property name="java.specification.name" value="Java Platform API Specification"/>
    <property name="java.awt.graphicsenv" value="sun.awt.Win32GraphicsEnvironment"/>
    <property name="surefire.real.class.path" value="C:\Users\ravdhyan\AppData\Local\Temp\surefire281021042297258607\surefirebooter1105143204332435544.jar"/>
    <property name="sun.boot.class.path" value="C:\Program Files\Java\jdk1.8.0_181\jre\lib\resources.jar;C:\Program Files\Java\jdk1.8.0_181\jre\lib\rt.jar;C:\Program Files\Java\jdk1.8.0_181\jre\lib\sunrsasign.jar;C:\Program Files\Java\jdk1.8.0_181\jre\lib\jsse.jar;C:\Program Files\Java\jdk1.8.0_181\jre\lib\jce.jar;C:\Program Files\Java\jdk1.8.0_181\jre\lib\charsets.jar;C:\Program Files\Java\jdk1.8.0_181\jre\lib\jfr.jar;C:\Program Files\Java\jdk1.8.0_181\jre\classes"/>
    <property name="user.script" value=""/>
    <property name="sun.management.compiler" value="HotSpot 64-Bit Tiered Compilers"/>
    <property name="java.runtime.version" value="1.8.0_181-b13"/>
    <property name="user.name" value="ravdhyan"/>
    <property name="path.separator" value=";"/>
    <property name="os.version" value="10.0"/>
    <property name="java.endorsed.dirs" value="C:\Program Files\Java\jdk1.8.0_181\jre\lib\endorsed"/>
    <property name="java.runtime.name" value="Java(TM) SE Runtime Environment"/>
    <property name="file.encoding" value="Cp1252"/>
    <property name="java.vm.name" value="Java HotSpot(TM) 64-Bit Server VM"/>
    <property name="localRepository" value="C:\Users\ravdhyan\.m2\repository"/>
    <property name="java.vendor.url.bug" value="http://bugreport.sun.com/bugreport/"/>
    <property name="java.io.tmpdir" value="C:\Users\ravdhyan\AppData\Local\Temp\"/>
    <property name="java.version" value="1.8.0_181"/>
    <property name="user.dir" value="C:\Users\ravdhyan\Documents\workspace-sts-3.9.4.RELEASE\helloworld"/>
    <property name="os.arch" value="amd64"/>
    <property name="java.vm.specification.name" value="Java Virtual Machine Specification"/>
    <property name="java.awt.printerjob" value="sun.awt.windows.WPrinterJob"/>
    <property name="sun.os.patch.level" value=""/>
    <property name="java.library.path" value="C:\Program Files\Java\jdk1.8.0_181\jre\bin;C:\WINDOWS\Sun\Java\bin;C:\WINDOWS\system32;C:\WINDOWS;C:\ProgramData\DockerDesktop\version-bin;C:\Program Files\Docker\Docker\Resources\bin;C:\Program Files (x86)\Common Files\Oracle\Java\javapath;C:\WINDOWS\system32;C:\WINDOWS;C:\WINDOWS\System32\Wbem;C:\WINDOWS\System32\WindowsPowerShell\v1.0\;C:\Program Files (x86)\Box\Box Edit\;C:\Workspace\extractBinary\apache-maven-3.5.4\bin;C:\Program Files\Java\jdk1.8.0_181\bin\;C:\Program Files\PuTTY\;C:\Workspace\extractBinary\apache-servicemix-7.0.1\bin;C:\Android;C:\Windows\System32;C:\Program Files\TortoiseGit\bin;C:\Program Files\Git\cmd;C:\Program Files\nodejs\;C:\Program Files\MySQL\MySQL Utilities 1.6\;C:\Program Files\MongoDB\Server\4.0\bin\;C:\Users\ravdhyan\AppData\Local\Programs\Python\Python37-32\Scripts\;C:\Users\ravdhyan\AppData\Local\Programs\Python\Python37-32\;C:\Users\ravdhyan\AppData\Local\Microsoft\WindowsApps;C:\Users\ravdhyan\AppData\Roaming\npm;C:\Workspace\extractBinary\cmder_mini\bin;C:\Users\ravdhyan\Downloads\curl-7.63.0-win64-mingw\bin;C:\Users\ravdhyan\AppData\Local\Programs\Microsoft VS Code\bin;C:\Program Files (x86)\openshift;."/>
    <property name="java.vm.info" value="mixed mode"/>
    <property name="java.vendor" value="Oracle Corporation"/>
    <property name="java.vm.version" value="25.181-b13"/>
    <property name="java.ext.dirs" value="C:\Program Files\Java\jdk1.8.0_181\jre\lib\ext;C:\WINDOWS\Sun\Java\lib\ext"/>
    <property name="sun.io.unicode.encoding" value="UnicodeLittle"/>
    <property name="java.class.version" value="52.0"/>
  </properties>
  <testcase name="contextLoads" classname="com.main.cron.HelloworldApplicationTests" time="0.245"/>
</testsuite>